{
  "RSpec": {
    "coverage": {
      "/home/ubuntu/hw-bdd-tdd-cycle/hw4/app/helpers/application_helper.rb": [
        1,
        null
      ],
      "/home/ubuntu/hw-bdd-tdd-cycle/hw4/app/helpers/movies_helper.rb": [
        1,
        null,
        1,
        0,
        null,
        null
      ],
      "/home/ubuntu/hw-bdd-tdd-cycle/hw4/app/controllers/movies_controller.rb": [
        1,
        null,
        1,
        0,
        null,
        null,
        1,
        0,
        0,
        0,
        null,
        null,
        null,
        1,
        0,
        0,
        null,
        0,
        null,
        0,
        null,
        0,
        0,
        null,
        0,
        0,
        null,
        null,
        0,
        0,
        0,
        0,
        null,
        0,
        null,
        null,
        1,
        null,
        null,
        null,
        1,
        0,
        0,
        0,
        null,
        null,
        1,
        0,
        null,
        null,
        1,
        0,
        0,
        0,
        0,
        null,
        null,
        1,
        0,
        0,
        0,
        0,
        null,
        null,
        1,
        0,
        0,
        null,
        0,
        0,
        0,
        0,
        null,
        0,
        null,
        null,
        null
      ],
      "/home/ubuntu/hw-bdd-tdd-cycle/hw4/app/controllers/application_controller.rb": [
        1,
        1,
        null
      ],
      "/home/ubuntu/hw-bdd-tdd-cycle/hw4/app/models/movie.rb": [
        1,
        1,
        0,
        null,
        null
      ]
    },
    "timestamp": 1448788733
  }
}
